<?xml version="1.0" encoding="UTF-8"?>
<!-- Generated by org.testng.reporters.JUnitReportReporter -->
<testsuite skipped="0" hostname="DESKTOP-D5KJBUL" name="SettingsUI" tests="51" failures="4" timestamp="02 Jul 2018 07:37:48 GMT" time="66.862" errors="0">
  <testcase name="openSettings" time="48.132" classname="SettingsUI"/>
  <testcase name="getCssValue_SetttingDomainLink_TextFontSize" time="0.116" classname="SettingsUI"/>
  <testcase name="getCssValue_AnalyticLink_TextFontFamily" time="0.079" classname="SettingsUI"/>
  <testcase name="getCssValue_AnalyticLink_TextColor" time="0.082" classname="SettingsUI"/>
  <testcase name="getCssValue_settingsLink_BackgroundColor" time="0.141" classname="SettingsUI"/>
  <testcase name="getCssValue_SettingDomainMgmtSaveButton_TextFontSize" time="0.119" classname="SettingsUI"/>
  <testcase name="getCssValue_SettingDomainMgmtSaveButton_TextFontFamily" time="0.039" classname="SettingsUI"/>
  <testcase name="getCssValue_SettingDomainMgmtSaveButton_TextFontWeight" time="0.043" classname="SettingsUI"/>
  <testcase name="getCssValue_SettingDomainMgmtSaveButton_TextColor" time="0.060" classname="SettingsUI"/>
  <testcase name="getCssValue_SettingFeedbackParagraphText_TextFontSize" time="0.236" classname="SettingsUI"/>
  <testcase name="getCssValue_SettingFeedbackParagraphText" time="0.061" classname="SettingsUI"/>
  <testcase name="getCssValue_SettingFeedbackParagraphText_TextColor" time="0.056" classname="SettingsUI"/>
  <testcase name="getCssValue_SettingFeedbackparagraphText_TextFontWeight" time="0.075" classname="SettingsUI"/>
  <testcase name="getCssValue_SettingfeedbackReminderlabelText_TextFontSize" time="0.049" classname="SettingsUI">
    <failure type="java.lang.AssertionError" message="expected [true] but found [false]">
      <![CDATA[java.lang.AssertionError: expected [true] but found [false]
at org.testng.Assert.fail(Assert.java:96)
at org.testng.Assert.failNotEquals(Assert.java:776)
at org.testng.Assert.assertTrue(Assert.java:44)
at org.testng.Assert.assertTrue(Assert.java:54)
at SettingsUI.getCssValue_SettingfeedbackReminderlabelText_TextFontSize(SettingsUI.java:163)
at sun.reflect.NativeMethodAccessorImpl.invoke0(Native Method)
at sun.reflect.NativeMethodAccessorImpl.invoke(NativeMethodAccessorImpl.java:62)
at sun.reflect.DelegatingMethodAccessorImpl.invoke(DelegatingMethodAccessorImpl.java:43)
at java.lang.reflect.Method.invoke(Method.java:498)
at org.testng.internal.MethodInvocationHelper.invokeMethod(MethodInvocationHelper.java:124)
at org.testng.internal.Invoker.invokeMethod(Invoker.java:580)
at org.testng.internal.Invoker.invokeTestMethod(Invoker.java:716)
at org.testng.internal.Invoker.invokeTestMethods(Invoker.java:988)
at org.testng.internal.TestMethodWorker.invokeTestMethods(TestMethodWorker.java:125)
at org.testng.internal.TestMethodWorker.run(TestMethodWorker.java:109)
at org.testng.TestRunner.privateRun(TestRunner.java:648)
at org.testng.TestRunner.run(TestRunner.java:505)
at org.testng.SuiteRunner.runTest(SuiteRunner.java:455)
at org.testng.SuiteRunner.runSequentially(SuiteRunner.java:450)
at org.testng.SuiteRunner.privateRun(SuiteRunner.java:415)
at org.testng.SuiteRunner.run(SuiteRunner.java:364)
at org.testng.SuiteRunnerWorker.runSuite(SuiteRunnerWorker.java:52)
at org.testng.SuiteRunnerWorker.run(SuiteRunnerWorker.java:84)
at org.testng.TestNG.runSuitesSequentially(TestNG.java:1208)
at org.testng.TestNG.runSuitesLocally(TestNG.java:1137)
at org.testng.TestNG.runSuites(TestNG.java:1049)
at org.testng.TestNG.run(TestNG.java:1017)
at org.testng.remote.AbstractRemoteTestNG.run(AbstractRemoteTestNG.java:114)
at org.testng.remote.RemoteTestNG.initAndRun(RemoteTestNG.java:251)
at org.testng.remote.RemoteTestNG.main(RemoteTestNG.java:77)
]]>
    </failure>
  </testcase> <!-- getCssValue_SettingfeedbackReminderlabelText_TextFontSize -->
  <testcase name="getCssValue_SettingfeedbackReminderlabelText_TextFontFamily" time="0.034" classname="SettingsUI">
    <failure type="java.lang.AssertionError" message="expected [true] but found [false]">
      <![CDATA[java.lang.AssertionError: expected [true] but found [false]
at org.testng.Assert.fail(Assert.java:96)
at org.testng.Assert.failNotEquals(Assert.java:776)
at org.testng.Assert.assertTrue(Assert.java:44)
at org.testng.Assert.assertTrue(Assert.java:54)
at SettingsUI.getCssValue_SettingfeedbackReminderlabelText_TextFontFamily(SettingsUI.java:170)
at sun.reflect.NativeMethodAccessorImpl.invoke0(Native Method)
at sun.reflect.NativeMethodAccessorImpl.invoke(NativeMethodAccessorImpl.java:62)
at sun.reflect.DelegatingMethodAccessorImpl.invoke(DelegatingMethodAccessorImpl.java:43)
at java.lang.reflect.Method.invoke(Method.java:498)
at org.testng.internal.MethodInvocationHelper.invokeMethod(MethodInvocationHelper.java:124)
at org.testng.internal.Invoker.invokeMethod(Invoker.java:580)
at org.testng.internal.Invoker.invokeTestMethod(Invoker.java:716)
at org.testng.internal.Invoker.invokeTestMethods(Invoker.java:988)
at org.testng.internal.TestMethodWorker.invokeTestMethods(TestMethodWorker.java:125)
at org.testng.internal.TestMethodWorker.run(TestMethodWorker.java:109)
at org.testng.TestRunner.privateRun(TestRunner.java:648)
at org.testng.TestRunner.run(TestRunner.java:505)
at org.testng.SuiteRunner.runTest(SuiteRunner.java:455)
at org.testng.SuiteRunner.runSequentially(SuiteRunner.java:450)
at org.testng.SuiteRunner.privateRun(SuiteRunner.java:415)
at org.testng.SuiteRunner.run(SuiteRunner.java:364)
at org.testng.SuiteRunnerWorker.runSuite(SuiteRunnerWorker.java:52)
at org.testng.SuiteRunnerWorker.run(SuiteRunnerWorker.java:84)
at org.testng.TestNG.runSuitesSequentially(TestNG.java:1208)
at org.testng.TestNG.runSuitesLocally(TestNG.java:1137)
at org.testng.TestNG.runSuites(TestNG.java:1049)
at org.testng.TestNG.run(TestNG.java:1017)
at org.testng.remote.AbstractRemoteTestNG.run(AbstractRemoteTestNG.java:114)
at org.testng.remote.RemoteTestNG.initAndRun(RemoteTestNG.java:251)
at org.testng.remote.RemoteTestNG.main(RemoteTestNG.java:77)
]]>
    </failure>
  </testcase> <!-- getCssValue_SettingfeedbackReminderlabelText_TextFontFamily -->
  <testcase name="getCssValue_SettingfeedbackReminderlabelText_TextColor" time="0.027" classname="SettingsUI">
    <failure type="java.lang.AssertionError" message="expected [true] but found [false]">
      <![CDATA[java.lang.AssertionError: expected [true] but found [false]
at org.testng.Assert.fail(Assert.java:96)
at org.testng.Assert.failNotEquals(Assert.java:776)
at org.testng.Assert.assertTrue(Assert.java:44)
at org.testng.Assert.assertTrue(Assert.java:54)
at SettingsUI.getCssValue_SettingfeedbackReminderlabelText_TextColor(SettingsUI.java:178)
at sun.reflect.NativeMethodAccessorImpl.invoke0(Native Method)
at sun.reflect.NativeMethodAccessorImpl.invoke(NativeMethodAccessorImpl.java:62)
at sun.reflect.DelegatingMethodAccessorImpl.invoke(DelegatingMethodAccessorImpl.java:43)
at java.lang.reflect.Method.invoke(Method.java:498)
at org.testng.internal.MethodInvocationHelper.invokeMethod(MethodInvocationHelper.java:124)
at org.testng.internal.Invoker.invokeMethod(Invoker.java:580)
at org.testng.internal.Invoker.invokeTestMethod(Invoker.java:716)
at org.testng.internal.Invoker.invokeTestMethods(Invoker.java:988)
at org.testng.internal.TestMethodWorker.invokeTestMethods(TestMethodWorker.java:125)
at org.testng.internal.TestMethodWorker.run(TestMethodWorker.java:109)
at org.testng.TestRunner.privateRun(TestRunner.java:648)
at org.testng.TestRunner.run(TestRunner.java:505)
at org.testng.SuiteRunner.runTest(SuiteRunner.java:455)
at org.testng.SuiteRunner.runSequentially(SuiteRunner.java:450)
at org.testng.SuiteRunner.privateRun(SuiteRunner.java:415)
at org.testng.SuiteRunner.run(SuiteRunner.java:364)
at org.testng.SuiteRunnerWorker.runSuite(SuiteRunnerWorker.java:52)
at org.testng.SuiteRunnerWorker.run(SuiteRunnerWorker.java:84)
at org.testng.TestNG.runSuitesSequentially(TestNG.java:1208)
at org.testng.TestNG.runSuitesLocally(TestNG.java:1137)
at org.testng.TestNG.runSuites(TestNG.java:1049)
at org.testng.TestNG.run(TestNG.java:1017)
at org.testng.remote.AbstractRemoteTestNG.run(AbstractRemoteTestNG.java:114)
at org.testng.remote.RemoteTestNG.initAndRun(RemoteTestNG.java:251)
at org.testng.remote.RemoteTestNG.main(RemoteTestNG.java:77)
]]>
    </failure>
  </testcase> <!-- getCssValue_SettingfeedbackReminderlabelText_TextColor -->
  <testcase name="getCssValue_SettingfeedbackReminderlabelText_TextFontWeight" time="0.030" classname="SettingsUI">
    <failure type="java.lang.AssertionError" message="expected [true] but found [false]">
      <![CDATA[java.lang.AssertionError: expected [true] but found [false]
at org.testng.Assert.fail(Assert.java:96)
at org.testng.Assert.failNotEquals(Assert.java:776)
at org.testng.Assert.assertTrue(Assert.java:44)
at org.testng.Assert.assertTrue(Assert.java:54)
at SettingsUI.getCssValue_SettingfeedbackReminderlabelText_TextFontWeight(SettingsUI.java:185)
at sun.reflect.NativeMethodAccessorImpl.invoke0(Native Method)
at sun.reflect.NativeMethodAccessorImpl.invoke(NativeMethodAccessorImpl.java:62)
at sun.reflect.DelegatingMethodAccessorImpl.invoke(DelegatingMethodAccessorImpl.java:43)
at java.lang.reflect.Method.invoke(Method.java:498)
at org.testng.internal.MethodInvocationHelper.invokeMethod(MethodInvocationHelper.java:124)
at org.testng.internal.Invoker.invokeMethod(Invoker.java:580)
at org.testng.internal.Invoker.invokeTestMethod(Invoker.java:716)
at org.testng.internal.Invoker.invokeTestMethods(Invoker.java:988)
at org.testng.internal.TestMethodWorker.invokeTestMethods(TestMethodWorker.java:125)
at org.testng.internal.TestMethodWorker.run(TestMethodWorker.java:109)
at org.testng.TestRunner.privateRun(TestRunner.java:648)
at org.testng.TestRunner.run(TestRunner.java:505)
at org.testng.SuiteRunner.runTest(SuiteRunner.java:455)
at org.testng.SuiteRunner.runSequentially(SuiteRunner.java:450)
at org.testng.SuiteRunner.privateRun(SuiteRunner.java:415)
at org.testng.SuiteRunner.run(SuiteRunner.java:364)
at org.testng.SuiteRunnerWorker.runSuite(SuiteRunnerWorker.java:52)
at org.testng.SuiteRunnerWorker.run(SuiteRunnerWorker.java:84)
at org.testng.TestNG.runSuitesSequentially(TestNG.java:1208)
at org.testng.TestNG.runSuitesLocally(TestNG.java:1137)
at org.testng.TestNG.runSuites(TestNG.java:1049)
at org.testng.TestNG.run(TestNG.java:1017)
at org.testng.remote.AbstractRemoteTestNG.run(AbstractRemoteTestNG.java:114)
at org.testng.remote.RemoteTestNG.initAndRun(RemoteTestNG.java:251)
at org.testng.remote.RemoteTestNG.main(RemoteTestNG.java:77)
]]>
    </failure>
  </testcase> <!-- getCssValue_SettingfeedbackReminderlabelText_TextFontWeight -->
  <testcase name="getCssValue_SettingAccountformLabelHeading_TextFontSize" time="5.264" classname="SettingsUI"/>
  <testcase name="getCssValue_SettingAccountformLabelHeading_TextFontFamily" time="0.034" classname="SettingsUI"/>
  <testcase name="getCssValue_SettingAccountformLabelHeading_TextColor" time="0.039" classname="SettingsUI"/>
  <testcase name="getCssValue_SettingAccountformLabelHeading_TextFontWeight" time="0.045" classname="SettingsUI"/>
  <testcase name="getCssValue_SettingAccountTextfieldLabel_TextFontSize" time="0.092" classname="SettingsUI"/>
  <testcase name="getCssValue_SettingAccountTextfieldLabel__TextFontFamily" time="0.036" classname="SettingsUI"/>
  <testcase name="getCssValue_SettingAccountTextfieldLabel__TextColor" time="0.058" classname="SettingsUI"/>
  <testcase name="getCssvalue_SettingAccountTextfieldLabel__BackgroundColor" time="0.060" classname="SettingsUI"/>
  <testcase name="getCssValue_SettingAccountTextfieldLabel_FontWeight" time="0.057" classname="SettingsUI"/>
  <testcase name="getCssValue_SettingAccountTextfieldText_TextFontSize" time="0.079" classname="SettingsUI"/>
  <testcase name="getCssValue_SettingAccountTextfieldText_TextFontFamily" time="0.040" classname="SettingsUI"/>
  <testcase name="getCssValue_SettingAccountTextfieldText_TextColor" time="0.039" classname="SettingsUI"/>
  <testcase name="getCssvalue_SettingAccountTextfieldText_BackgroundColor" time="0.040" classname="SettingsUI"/>
  <testcase name="getCssValue_SettingAccountTextfieldText_FontWeight" time="0.063" classname="SettingsUI"/>
  <testcase name="getCssValue_SettingAccountDMAText_TextFontSize" time="0.069" classname="SettingsUI"/>
  <testcase name="getCssValue_SettingAccountDMAText_TextFontFamily" time="0.035" classname="SettingsUI"/>
  <testcase name="getCssValue_SettingAccountDMAText_TextColor" time="0.043" classname="SettingsUI"/>
  <testcase name="getCssvalue_SettingAccountDMAText_BackgroundColor" time="0.039" classname="SettingsUI"/>
  <testcase name="getCssValue_SettingAccountDMAText_FontWeight" time="0.039" classname="SettingsUI"/>
  <testcase name="getCssValue_SettingAccountBulkUploadButton_TextFontSize" time="5.225" classname="SettingsUI"/>
  <testcase name="getCssValue_SettingAccountBulkUploadButton_TextFontFamily" time="0.060" classname="SettingsUI"/>
  <testcase name="getCssValue_SettingAccountBulkUploadButton_TextColor" time="0.043" classname="SettingsUI"/>
  <testcase name="getCssvalue_SettingAccountBulkUploadButton_BackgroundColor" time="0.058" classname="SettingsUI"/>
  <testcase name="getCssValue_SettingAccountBulkUploadButton_FontWeight" time="0.089" classname="SettingsUI"/>
  <testcase name="getCssValue_SettingPermissionCheckLabel_TextFontSize" time="5.203" classname="SettingsUI"/>
  <testcase name="getCssValue_SettingPermissionCheckLabel_TextFontFamily" time="0.035" classname="SettingsUI"/>
  <testcase name="getCssValue_SettingPermissionCheckLabel_TextColor" time="0.061" classname="SettingsUI"/>
  <testcase name="getCssvalue_SettingPermissionCheckLabel_BackgroundColor" time="0.037" classname="SettingsUI"/>
  <testcase name="getCssValue_SettingPermissionCheckLabel_FontWeight" time="0.041" classname="SettingsUI"/>
  <testcase name="getCssValue_SettingEmailNotification_TextFontSize" time="0.244" classname="SettingsUI"/>
  <testcase name="getCssValue_SettingEmailNotification_TextFontFamily" time="0.078" classname="SettingsUI"/>
  <testcase name="getCssValue_SettingEmailNotification_TextColor" time="0.041" classname="SettingsUI"/>
  <testcase name="getCssvalue_SettingEmailNotification_BackgroundColor" time="0.059" classname="SettingsUI"/>
  <testcase name="getCssValue_SettingEmailNotification_FontWeight" time="0.038" classname="SettingsUI"/>
</testsuite> <!-- SettingsUI -->
