<?xml version="1.0" encoding="UTF-8"?>
<!-- Generated by org.testng.reporters.JUnitXMLReporter -->
<testsuite hostname="DESKTOP-D5KJBUL" ignored="47" tests="4" failures="4" timestamp="06 Jun 2018 13:03:22 GMT" time="62.766" errors="0">
  <testcase name="getCssValue_SettingfeedbackReminderlabelText_TextFontSize" time="0.059" classname="SettingsUI">
    <failure type="org.openqa.selenium.NoSuchElementException" message="no such element: Unable to locate element: {&amp;quot;method&amp;quot;:&amp;quot;xpath&amp;quot;,&amp;quot;selector&amp;quot;:&amp;quot;//*[@id=&amp;quot;feedback-tab&amp;quot;]/div[2]/div[2]/p[1]&amp;quot;}
  (Session info: chrome=66.0.3359.181)
  (Driver info: chromedriver=2.38.552522 (437e6fbedfa8762dec75e2c5b3ddb86763dc9dcb),platform=Windows NT 10.0.16299 x86_64) (WARNING: The server did not provide any stacktrace information)
Command duration or timeout: 0 milliseconds
For documentation on this error, please visit: http://seleniumhq.org/exceptions/no_such_element.html
Build info: version: &amp;apos;3.12.0&amp;apos;, revision: &amp;apos;7c6e0b3&amp;apos;, time: &amp;apos;2018-05-08T15:15:03.216Z&amp;apos;
System info: host: &amp;apos;DESKTOP-D5KJBUL&amp;apos;, ip: &amp;apos;192.168.0.70&amp;apos;, os.name: &amp;apos;Windows 10&amp;apos;, os.arch: &amp;apos;amd64&amp;apos;, os.version: &amp;apos;10.0&amp;apos;, java.version: &amp;apos;1.8.0_144&amp;apos;
Driver info: org.openqa.selenium.chrome.ChromeDriver
Capabilities {acceptInsecureCerts: false, acceptSslCerts: false, applicationCacheEnabled: false, browserConnectionEnabled: false, browserName: chrome, chrome: {chromedriverVersion: 2.38.552522 (437e6fbedfa876..., userDataDir: C:\Users\user\AppData\Local...}, cssSelectorsEnabled: true, databaseEnabled: false, handlesAlerts: true, hasTouchScreen: false, javascriptEnabled: true, locationContextEnabled: true, mobileEmulationEnabled: false, nativeEvents: true, networkConnectionEnabled: false, pageLoadStrategy: normal, platform: XP, platformName: XP, rotatable: false, setWindowRect: true, takesHeapSnapshot: true, takesScreenshot: true, unexpectedAlertBehaviour: , unhandledPromptBehavior: , version: 66.0.3359.181, webStorageEnabled: true}
Session ID: 4d581df6adfe6b53870a95ba54e3dd10
*** Element info: {Using=xpath, value=//*[@id=&amp;quot;feedback-tab&amp;quot;]/div[2]/div[2]/p[1]}">
      <![CDATA[org.openqa.selenium.NoSuchElementException: no such element: Unable to locate element: {"method":"xpath","selector":"//*[@id="feedback-tab"]/div[2]/div[2]/p[1]"}
  (Session info: chrome=66.0.3359.181)
  (Driver info: chromedriver=2.38.552522 (437e6fbedfa8762dec75e2c5b3ddb86763dc9dcb),platform=Windows NT 10.0.16299 x86_64) (WARNING: The server did not provide any stacktrace information)
Command duration or timeout: 0 milliseconds
For documentation on this error, please visit: http://seleniumhq.org/exceptions/no_such_element.html
Build info: version: '3.12.0', revision: '7c6e0b3', time: '2018-05-08T15:15:03.216Z'
System info: host: 'DESKTOP-D5KJBUL', ip: '192.168.0.70', os.name: 'Windows 10', os.arch: 'amd64', os.version: '10.0', java.version: '1.8.0_144'
Driver info: org.openqa.selenium.chrome.ChromeDriver
Capabilities {acceptInsecureCerts: false, acceptSslCerts: false, applicationCacheEnabled: false, browserConnectionEnabled: false, browserName: chrome, chrome: {chromedriverVersion: 2.38.552522 (437e6fbedfa876..., userDataDir: C:\Users\user\AppData\Local...}, cssSelectorsEnabled: true, databaseEnabled: false, handlesAlerts: true, hasTouchScreen: false, javascriptEnabled: true, locationContextEnabled: true, mobileEmulationEnabled: false, nativeEvents: true, networkConnectionEnabled: false, pageLoadStrategy: normal, platform: XP, platformName: XP, rotatable: false, setWindowRect: true, takesHeapSnapshot: true, takesScreenshot: true, unexpectedAlertBehaviour: , unhandledPromptBehavior: , version: 66.0.3359.181, webStorageEnabled: true}
Session ID: 4d581df6adfe6b53870a95ba54e3dd10
*** Element info: {Using=xpath, value=//*[@id="feedback-tab"]/div[2]/div[2]/p[1]}
at org.openqa.selenium.remote.ErrorHandler.createThrowable(ErrorHandler.java:214)
at org.openqa.selenium.remote.ErrorHandler.throwIfResponseFailed(ErrorHandler.java:166)
at org.openqa.selenium.remote.http.JsonHttpResponseCodec.reconstructValue(JsonHttpResponseCodec.java:40)
at org.openqa.selenium.remote.http.AbstractHttpResponseCodec.decode(AbstractHttpResponseCodec.java:80)
at org.openqa.selenium.remote.http.AbstractHttpResponseCodec.decode(AbstractHttpResponseCodec.java:44)
at org.openqa.selenium.remote.HttpCommandExecutor.execute(HttpCommandExecutor.java:158)
at org.openqa.selenium.remote.service.DriverCommandExecutor.execute(DriverCommandExecutor.java:83)
at org.openqa.selenium.remote.RemoteWebDriver.execute(RemoteWebDriver.java:543)
at org.openqa.selenium.remote.RemoteWebDriver.findElement(RemoteWebDriver.java:317)
at org.openqa.selenium.remote.RemoteWebDriver.findElementByXPath(RemoteWebDriver.java:419)
at org.openqa.selenium.By$ByXPath.findElement(By.java:353)
at org.openqa.selenium.remote.RemoteWebDriver.findElement(RemoteWebDriver.java:309)
at SettingsUI.getCssValue_SettingfeedbackReminderlabelText_TextFontSize(SettingsUI.java:162)
at TestRunner.main(TestRunner.java:15)
... Removed 26 stack frames]]>
    </failure>
  </testcase> <!-- getCssValue_SettingfeedbackReminderlabelText_TextFontSize -->
  <testcase name="getCssValue_SettingfeedbackReminderlabelText_TextFontFamily" time="0.014" classname="SettingsUI">
    <failure type="org.openqa.selenium.NoSuchElementException" message="no such element: Unable to locate element: {&amp;quot;method&amp;quot;:&amp;quot;xpath&amp;quot;,&amp;quot;selector&amp;quot;:&amp;quot;//*[@id=&amp;quot;feedback-tab&amp;quot;]/div[2]/div[2]/p[1]&amp;quot;}
  (Session info: chrome=66.0.3359.181)
  (Driver info: chromedriver=2.38.552522 (437e6fbedfa8762dec75e2c5b3ddb86763dc9dcb),platform=Windows NT 10.0.16299 x86_64) (WARNING: The server did not provide any stacktrace information)
Command duration or timeout: 0 milliseconds
For documentation on this error, please visit: http://seleniumhq.org/exceptions/no_such_element.html
Build info: version: &amp;apos;3.12.0&amp;apos;, revision: &amp;apos;7c6e0b3&amp;apos;, time: &amp;apos;2018-05-08T15:15:03.216Z&amp;apos;
System info: host: &amp;apos;DESKTOP-D5KJBUL&amp;apos;, ip: &amp;apos;192.168.0.70&amp;apos;, os.name: &amp;apos;Windows 10&amp;apos;, os.arch: &amp;apos;amd64&amp;apos;, os.version: &amp;apos;10.0&amp;apos;, java.version: &amp;apos;1.8.0_144&amp;apos;
Driver info: org.openqa.selenium.chrome.ChromeDriver
Capabilities {acceptInsecureCerts: false, acceptSslCerts: false, applicationCacheEnabled: false, browserConnectionEnabled: false, browserName: chrome, chrome: {chromedriverVersion: 2.38.552522 (437e6fbedfa876..., userDataDir: C:\Users\user\AppData\Local...}, cssSelectorsEnabled: true, databaseEnabled: false, handlesAlerts: true, hasTouchScreen: false, javascriptEnabled: true, locationContextEnabled: true, mobileEmulationEnabled: false, nativeEvents: true, networkConnectionEnabled: false, pageLoadStrategy: normal, platform: XP, platformName: XP, rotatable: false, setWindowRect: true, takesHeapSnapshot: true, takesScreenshot: true, unexpectedAlertBehaviour: , unhandledPromptBehavior: , version: 66.0.3359.181, webStorageEnabled: true}
Session ID: 4d581df6adfe6b53870a95ba54e3dd10
*** Element info: {Using=xpath, value=//*[@id=&amp;quot;feedback-tab&amp;quot;]/div[2]/div[2]/p[1]}">
      <![CDATA[org.openqa.selenium.NoSuchElementException: no such element: Unable to locate element: {"method":"xpath","selector":"//*[@id="feedback-tab"]/div[2]/div[2]/p[1]"}
  (Session info: chrome=66.0.3359.181)
  (Driver info: chromedriver=2.38.552522 (437e6fbedfa8762dec75e2c5b3ddb86763dc9dcb),platform=Windows NT 10.0.16299 x86_64) (WARNING: The server did not provide any stacktrace information)
Command duration or timeout: 0 milliseconds
For documentation on this error, please visit: http://seleniumhq.org/exceptions/no_such_element.html
Build info: version: '3.12.0', revision: '7c6e0b3', time: '2018-05-08T15:15:03.216Z'
System info: host: 'DESKTOP-D5KJBUL', ip: '192.168.0.70', os.name: 'Windows 10', os.arch: 'amd64', os.version: '10.0', java.version: '1.8.0_144'
Driver info: org.openqa.selenium.chrome.ChromeDriver
Capabilities {acceptInsecureCerts: false, acceptSslCerts: false, applicationCacheEnabled: false, browserConnectionEnabled: false, browserName: chrome, chrome: {chromedriverVersion: 2.38.552522 (437e6fbedfa876..., userDataDir: C:\Users\user\AppData\Local...}, cssSelectorsEnabled: true, databaseEnabled: false, handlesAlerts: true, hasTouchScreen: false, javascriptEnabled: true, locationContextEnabled: true, mobileEmulationEnabled: false, nativeEvents: true, networkConnectionEnabled: false, pageLoadStrategy: normal, platform: XP, platformName: XP, rotatable: false, setWindowRect: true, takesHeapSnapshot: true, takesScreenshot: true, unexpectedAlertBehaviour: , unhandledPromptBehavior: , version: 66.0.3359.181, webStorageEnabled: true}
Session ID: 4d581df6adfe6b53870a95ba54e3dd10
*** Element info: {Using=xpath, value=//*[@id="feedback-tab"]/div[2]/div[2]/p[1]}
at org.openqa.selenium.remote.ErrorHandler.createThrowable(ErrorHandler.java:214)
at org.openqa.selenium.remote.ErrorHandler.throwIfResponseFailed(ErrorHandler.java:166)
at org.openqa.selenium.remote.http.JsonHttpResponseCodec.reconstructValue(JsonHttpResponseCodec.java:40)
at org.openqa.selenium.remote.http.AbstractHttpResponseCodec.decode(AbstractHttpResponseCodec.java:80)
at org.openqa.selenium.remote.http.AbstractHttpResponseCodec.decode(AbstractHttpResponseCodec.java:44)
at org.openqa.selenium.remote.HttpCommandExecutor.execute(HttpCommandExecutor.java:158)
at org.openqa.selenium.remote.service.DriverCommandExecutor.execute(DriverCommandExecutor.java:83)
at org.openqa.selenium.remote.RemoteWebDriver.execute(RemoteWebDriver.java:543)
at org.openqa.selenium.remote.RemoteWebDriver.findElement(RemoteWebDriver.java:317)
at org.openqa.selenium.remote.RemoteWebDriver.findElementByXPath(RemoteWebDriver.java:419)
at org.openqa.selenium.By$ByXPath.findElement(By.java:353)
at org.openqa.selenium.remote.RemoteWebDriver.findElement(RemoteWebDriver.java:309)
at SettingsUI.getCssValue_SettingfeedbackReminderlabelText_TextFontFamily(SettingsUI.java:169)
at TestRunner.main(TestRunner.java:15)
... Removed 26 stack frames]]>
    </failure>
  </testcase> <!-- getCssValue_SettingfeedbackReminderlabelText_TextFontFamily -->
  <testcase name="getCssValue_SettingfeedbackReminderlabelText_TextColor" time="0.013" classname="SettingsUI">
    <failure type="org.openqa.selenium.NoSuchElementException" message="no such element: Unable to locate element: {&amp;quot;method&amp;quot;:&amp;quot;xpath&amp;quot;,&amp;quot;selector&amp;quot;:&amp;quot;//*[@id=&amp;quot;feedback-tab&amp;quot;]/div[2]/div[2]/p[1]&amp;quot;}
  (Session info: chrome=66.0.3359.181)
  (Driver info: chromedriver=2.38.552522 (437e6fbedfa8762dec75e2c5b3ddb86763dc9dcb),platform=Windows NT 10.0.16299 x86_64) (WARNING: The server did not provide any stacktrace information)
Command duration or timeout: 0 milliseconds
For documentation on this error, please visit: http://seleniumhq.org/exceptions/no_such_element.html
Build info: version: &amp;apos;3.12.0&amp;apos;, revision: &amp;apos;7c6e0b3&amp;apos;, time: &amp;apos;2018-05-08T15:15:03.216Z&amp;apos;
System info: host: &amp;apos;DESKTOP-D5KJBUL&amp;apos;, ip: &amp;apos;192.168.0.70&amp;apos;, os.name: &amp;apos;Windows 10&amp;apos;, os.arch: &amp;apos;amd64&amp;apos;, os.version: &amp;apos;10.0&amp;apos;, java.version: &amp;apos;1.8.0_144&amp;apos;
Driver info: org.openqa.selenium.chrome.ChromeDriver
Capabilities {acceptInsecureCerts: false, acceptSslCerts: false, applicationCacheEnabled: false, browserConnectionEnabled: false, browserName: chrome, chrome: {chromedriverVersion: 2.38.552522 (437e6fbedfa876..., userDataDir: C:\Users\user\AppData\Local...}, cssSelectorsEnabled: true, databaseEnabled: false, handlesAlerts: true, hasTouchScreen: false, javascriptEnabled: true, locationContextEnabled: true, mobileEmulationEnabled: false, nativeEvents: true, networkConnectionEnabled: false, pageLoadStrategy: normal, platform: XP, platformName: XP, rotatable: false, setWindowRect: true, takesHeapSnapshot: true, takesScreenshot: true, unexpectedAlertBehaviour: , unhandledPromptBehavior: , version: 66.0.3359.181, webStorageEnabled: true}
Session ID: 4d581df6adfe6b53870a95ba54e3dd10
*** Element info: {Using=xpath, value=//*[@id=&amp;quot;feedback-tab&amp;quot;]/div[2]/div[2]/p[1]}">
      <![CDATA[org.openqa.selenium.NoSuchElementException: no such element: Unable to locate element: {"method":"xpath","selector":"//*[@id="feedback-tab"]/div[2]/div[2]/p[1]"}
  (Session info: chrome=66.0.3359.181)
  (Driver info: chromedriver=2.38.552522 (437e6fbedfa8762dec75e2c5b3ddb86763dc9dcb),platform=Windows NT 10.0.16299 x86_64) (WARNING: The server did not provide any stacktrace information)
Command duration or timeout: 0 milliseconds
For documentation on this error, please visit: http://seleniumhq.org/exceptions/no_such_element.html
Build info: version: '3.12.0', revision: '7c6e0b3', time: '2018-05-08T15:15:03.216Z'
System info: host: 'DESKTOP-D5KJBUL', ip: '192.168.0.70', os.name: 'Windows 10', os.arch: 'amd64', os.version: '10.0', java.version: '1.8.0_144'
Driver info: org.openqa.selenium.chrome.ChromeDriver
Capabilities {acceptInsecureCerts: false, acceptSslCerts: false, applicationCacheEnabled: false, browserConnectionEnabled: false, browserName: chrome, chrome: {chromedriverVersion: 2.38.552522 (437e6fbedfa876..., userDataDir: C:\Users\user\AppData\Local...}, cssSelectorsEnabled: true, databaseEnabled: false, handlesAlerts: true, hasTouchScreen: false, javascriptEnabled: true, locationContextEnabled: true, mobileEmulationEnabled: false, nativeEvents: true, networkConnectionEnabled: false, pageLoadStrategy: normal, platform: XP, platformName: XP, rotatable: false, setWindowRect: true, takesHeapSnapshot: true, takesScreenshot: true, unexpectedAlertBehaviour: , unhandledPromptBehavior: , version: 66.0.3359.181, webStorageEnabled: true}
Session ID: 4d581df6adfe6b53870a95ba54e3dd10
*** Element info: {Using=xpath, value=//*[@id="feedback-tab"]/div[2]/div[2]/p[1]}
at org.openqa.selenium.remote.ErrorHandler.createThrowable(ErrorHandler.java:214)
at org.openqa.selenium.remote.ErrorHandler.throwIfResponseFailed(ErrorHandler.java:166)
at org.openqa.selenium.remote.http.JsonHttpResponseCodec.reconstructValue(JsonHttpResponseCodec.java:40)
at org.openqa.selenium.remote.http.AbstractHttpResponseCodec.decode(AbstractHttpResponseCodec.java:80)
at org.openqa.selenium.remote.http.AbstractHttpResponseCodec.decode(AbstractHttpResponseCodec.java:44)
at org.openqa.selenium.remote.HttpCommandExecutor.execute(HttpCommandExecutor.java:158)
at org.openqa.selenium.remote.service.DriverCommandExecutor.execute(DriverCommandExecutor.java:83)
at org.openqa.selenium.remote.RemoteWebDriver.execute(RemoteWebDriver.java:543)
at org.openqa.selenium.remote.RemoteWebDriver.findElement(RemoteWebDriver.java:317)
at org.openqa.selenium.remote.RemoteWebDriver.findElementByXPath(RemoteWebDriver.java:419)
at org.openqa.selenium.By$ByXPath.findElement(By.java:353)
at org.openqa.selenium.remote.RemoteWebDriver.findElement(RemoteWebDriver.java:309)
at SettingsUI.getCssValue_SettingfeedbackReminderlabelText_TextColor(SettingsUI.java:177)
at TestRunner.main(TestRunner.java:15)
... Removed 26 stack frames]]>
    </failure>
  </testcase> <!-- getCssValue_SettingfeedbackReminderlabelText_TextColor -->
  <testcase name="getCssValue_SettingfeedbackReminderlabelText_TextFontWeight" time="0.015" classname="SettingsUI">
    <failure type="org.openqa.selenium.NoSuchElementException" message="no such element: Unable to locate element: {&amp;quot;method&amp;quot;:&amp;quot;xpath&amp;quot;,&amp;quot;selector&amp;quot;:&amp;quot;//*[@id=&amp;quot;feedback-tab&amp;quot;]/div[2]/div[2]/p[1]&amp;quot;}
  (Session info: chrome=66.0.3359.181)
  (Driver info: chromedriver=2.38.552522 (437e6fbedfa8762dec75e2c5b3ddb86763dc9dcb),platform=Windows NT 10.0.16299 x86_64) (WARNING: The server did not provide any stacktrace information)
Command duration or timeout: 0 milliseconds
For documentation on this error, please visit: http://seleniumhq.org/exceptions/no_such_element.html
Build info: version: &amp;apos;3.12.0&amp;apos;, revision: &amp;apos;7c6e0b3&amp;apos;, time: &amp;apos;2018-05-08T15:15:03.216Z&amp;apos;
System info: host: &amp;apos;DESKTOP-D5KJBUL&amp;apos;, ip: &amp;apos;192.168.0.70&amp;apos;, os.name: &amp;apos;Windows 10&amp;apos;, os.arch: &amp;apos;amd64&amp;apos;, os.version: &amp;apos;10.0&amp;apos;, java.version: &amp;apos;1.8.0_144&amp;apos;
Driver info: org.openqa.selenium.chrome.ChromeDriver
Capabilities {acceptInsecureCerts: false, acceptSslCerts: false, applicationCacheEnabled: false, browserConnectionEnabled: false, browserName: chrome, chrome: {chromedriverVersion: 2.38.552522 (437e6fbedfa876..., userDataDir: C:\Users\user\AppData\Local...}, cssSelectorsEnabled: true, databaseEnabled: false, handlesAlerts: true, hasTouchScreen: false, javascriptEnabled: true, locationContextEnabled: true, mobileEmulationEnabled: false, nativeEvents: true, networkConnectionEnabled: false, pageLoadStrategy: normal, platform: XP, platformName: XP, rotatable: false, setWindowRect: true, takesHeapSnapshot: true, takesScreenshot: true, unexpectedAlertBehaviour: , unhandledPromptBehavior: , version: 66.0.3359.181, webStorageEnabled: true}
Session ID: 4d581df6adfe6b53870a95ba54e3dd10
*** Element info: {Using=xpath, value=//*[@id=&amp;quot;feedback-tab&amp;quot;]/div[2]/div[2]/p[1]}">
      <![CDATA[org.openqa.selenium.NoSuchElementException: no such element: Unable to locate element: {"method":"xpath","selector":"//*[@id="feedback-tab"]/div[2]/div[2]/p[1]"}
  (Session info: chrome=66.0.3359.181)
  (Driver info: chromedriver=2.38.552522 (437e6fbedfa8762dec75e2c5b3ddb86763dc9dcb),platform=Windows NT 10.0.16299 x86_64) (WARNING: The server did not provide any stacktrace information)
Command duration or timeout: 0 milliseconds
For documentation on this error, please visit: http://seleniumhq.org/exceptions/no_such_element.html
Build info: version: '3.12.0', revision: '7c6e0b3', time: '2018-05-08T15:15:03.216Z'
System info: host: 'DESKTOP-D5KJBUL', ip: '192.168.0.70', os.name: 'Windows 10', os.arch: 'amd64', os.version: '10.0', java.version: '1.8.0_144'
Driver info: org.openqa.selenium.chrome.ChromeDriver
Capabilities {acceptInsecureCerts: false, acceptSslCerts: false, applicationCacheEnabled: false, browserConnectionEnabled: false, browserName: chrome, chrome: {chromedriverVersion: 2.38.552522 (437e6fbedfa876..., userDataDir: C:\Users\user\AppData\Local...}, cssSelectorsEnabled: true, databaseEnabled: false, handlesAlerts: true, hasTouchScreen: false, javascriptEnabled: true, locationContextEnabled: true, mobileEmulationEnabled: false, nativeEvents: true, networkConnectionEnabled: false, pageLoadStrategy: normal, platform: XP, platformName: XP, rotatable: false, setWindowRect: true, takesHeapSnapshot: true, takesScreenshot: true, unexpectedAlertBehaviour: , unhandledPromptBehavior: , version: 66.0.3359.181, webStorageEnabled: true}
Session ID: 4d581df6adfe6b53870a95ba54e3dd10
*** Element info: {Using=xpath, value=//*[@id="feedback-tab"]/div[2]/div[2]/p[1]}
at org.openqa.selenium.remote.ErrorHandler.createThrowable(ErrorHandler.java:214)
at org.openqa.selenium.remote.ErrorHandler.throwIfResponseFailed(ErrorHandler.java:166)
at org.openqa.selenium.remote.http.JsonHttpResponseCodec.reconstructValue(JsonHttpResponseCodec.java:40)
at org.openqa.selenium.remote.http.AbstractHttpResponseCodec.decode(AbstractHttpResponseCodec.java:80)
at org.openqa.selenium.remote.http.AbstractHttpResponseCodec.decode(AbstractHttpResponseCodec.java:44)
at org.openqa.selenium.remote.HttpCommandExecutor.execute(HttpCommandExecutor.java:158)
at org.openqa.selenium.remote.service.DriverCommandExecutor.execute(DriverCommandExecutor.java:83)
at org.openqa.selenium.remote.RemoteWebDriver.execute(RemoteWebDriver.java:543)
at org.openqa.selenium.remote.RemoteWebDriver.findElement(RemoteWebDriver.java:317)
at org.openqa.selenium.remote.RemoteWebDriver.findElementByXPath(RemoteWebDriver.java:419)
at org.openqa.selenium.By$ByXPath.findElement(By.java:353)
at org.openqa.selenium.remote.RemoteWebDriver.findElement(RemoteWebDriver.java:309)
at SettingsUI.getCssValue_SettingfeedbackReminderlabelText_TextFontWeight(SettingsUI.java:184)
at TestRunner.main(TestRunner.java:15)
... Removed 26 stack frames]]>
    </failure>
  </testcase> <!-- getCssValue_SettingfeedbackReminderlabelText_TextFontWeight -->
  <testcase name="getCssValue_SettingAccountDMAText_TextColor" time="0.0" classname="SettingsUI">
    <ignored/>
  </testcase> <!-- getCssValue_SettingAccountDMAText_TextColor -->
  <testcase name="getCssValue_SettingAccountBulkUploadButton_TextFontSize" time="0.0" classname="SettingsUI">
    <ignored/>
  </testcase> <!-- getCssValue_SettingAccountBulkUploadButton_TextFontSize -->
  <testcase name="getCssvalue_SettingEmailNotification_BackgroundColor" time="0.0" classname="SettingsUI">
    <ignored/>
  </testcase> <!-- getCssvalue_SettingEmailNotification_BackgroundColor -->
  <testcase name="getCssValue_SettingAccountBulkUploadButton_TextFontFamily" time="0.0" classname="SettingsUI">
    <ignored/>
  </testcase> <!-- getCssValue_SettingAccountBulkUploadButton_TextFontFamily -->
  <testcase name="getCssValue_SettingEmailNotification_TextFontSize" time="0.0" classname="SettingsUI">
    <ignored/>
  </testcase> <!-- getCssValue_SettingEmailNotification_TextFontSize -->
  <testcase name="getCssValue_SettingAccountTextfieldText_TextFontFamily" time="0.0" classname="SettingsUI">
    <ignored/>
  </testcase> <!-- getCssValue_SettingAccountTextfieldText_TextFontFamily -->
  <testcase name="getCssValue_SettingAccountDMAText_TextFontFamily" time="0.0" classname="SettingsUI">
    <ignored/>
  </testcase> <!-- getCssValue_SettingAccountDMAText_TextFontFamily -->
  <testcase name="getCssValue_SettingPermissionCheckLabel_FontWeight" time="0.0" classname="SettingsUI">
    <ignored/>
  </testcase> <!-- getCssValue_SettingPermissionCheckLabel_FontWeight -->
  <testcase name="getCssValue_SettingFeedbackParagraphText_TextFontSize" time="0.0" classname="SettingsUI">
    <ignored/>
  </testcase> <!-- getCssValue_SettingFeedbackParagraphText_TextFontSize -->
  <testcase name="getCssValue_SettingPermissionCheckLabel_TextFontSize" time="0.0" classname="SettingsUI">
    <ignored/>
  </testcase> <!-- getCssValue_SettingPermissionCheckLabel_TextFontSize -->
  <testcase name="getCssValue_SettingPermissionCheckLabel_TextFontFamily" time="0.0" classname="SettingsUI">
    <ignored/>
  </testcase> <!-- getCssValue_SettingPermissionCheckLabel_TextFontFamily -->
  <testcase name="getCssValue_SettingAccountTextfieldLabel__TextFontFamily" time="0.0" classname="SettingsUI">
    <ignored/>
  </testcase> <!-- getCssValue_SettingAccountTextfieldLabel__TextFontFamily -->
  <testcase name="getCssValue_SettingAccountDMAText_TextFontSize" time="0.0" classname="SettingsUI">
    <ignored/>
  </testcase> <!-- getCssValue_SettingAccountDMAText_TextFontSize -->
  <testcase name="getCssValue_SettingAccountformLabelHeading_TextFontWeight" time="0.0" classname="SettingsUI">
    <ignored/>
  </testcase> <!-- getCssValue_SettingAccountformLabelHeading_TextFontWeight -->
  <testcase name="getCssValue_settingsLink_BackgroundColor" time="0.0" classname="SettingsUI">
    <ignored/>
  </testcase> <!-- getCssValue_settingsLink_BackgroundColor -->
  <testcase name="getCssValue_SettingAccountformLabelHeading_TextFontFamily" time="0.0" classname="SettingsUI">
    <ignored/>
  </testcase> <!-- getCssValue_SettingAccountformLabelHeading_TextFontFamily -->
  <testcase name="getCssValue_SettingAccountTextfieldText_TextColor" time="0.0" classname="SettingsUI">
    <ignored/>
  </testcase> <!-- getCssValue_SettingAccountTextfieldText_TextColor -->
  <testcase name="getCssValue_SettingEmailNotification_TextFontFamily" time="0.0" classname="SettingsUI">
    <ignored/>
  </testcase> <!-- getCssValue_SettingEmailNotification_TextFontFamily -->
  <testcase name="getCssValue_SettingAccountTextfieldText_FontWeight" time="0.0" classname="SettingsUI">
    <ignored/>
  </testcase> <!-- getCssValue_SettingAccountTextfieldText_FontWeight -->
  <testcase name="getCssValue_SettingDomainMgmtSaveButton_TextFontWeight" time="0.0" classname="SettingsUI">
    <ignored/>
  </testcase> <!-- getCssValue_SettingDomainMgmtSaveButton_TextFontWeight -->
  <testcase name="getCssValue_SettingAccountformLabelHeading_TextFontSize" time="0.0" classname="SettingsUI">
    <ignored/>
  </testcase> <!-- getCssValue_SettingAccountformLabelHeading_TextFontSize -->
  <testcase name="openSettings" time="0.0" classname="SettingsUI">
    <ignored/>
  </testcase> <!-- openSettings -->
  <testcase name="getCssValue_SettingFeedbackparagraphText_TextFontWeight" time="0.0" classname="SettingsUI">
    <ignored/>
  </testcase> <!-- getCssValue_SettingFeedbackparagraphText_TextFontWeight -->
  <testcase name="getCssvalue_SettingAccountTextfieldLabel__BackgroundColor" time="0.0" classname="SettingsUI">
    <ignored/>
  </testcase> <!-- getCssvalue_SettingAccountTextfieldLabel__BackgroundColor -->
  <testcase name="getCssValue_SettingEmailNotification_FontWeight" time="0.0" classname="SettingsUI">
    <ignored/>
  </testcase> <!-- getCssValue_SettingEmailNotification_FontWeight -->
  <testcase name="getCssvalue_SettingAccountTextfieldText_BackgroundColor" time="0.0" classname="SettingsUI">
    <ignored/>
  </testcase> <!-- getCssvalue_SettingAccountTextfieldText_BackgroundColor -->
  <testcase name="getCssValue_SettingDomainMgmtSaveButton_TextFontSize" time="0.0" classname="SettingsUI">
    <ignored/>
  </testcase> <!-- getCssValue_SettingDomainMgmtSaveButton_TextFontSize -->
  <testcase name="getCssValue_SettingAccountTextfieldText_TextFontSize" time="0.0" classname="SettingsUI">
    <ignored/>
  </testcase> <!-- getCssValue_SettingAccountTextfieldText_TextFontSize -->
  <testcase name="getCssValue_SettingAccountTextfieldLabel__TextColor" time="0.0" classname="SettingsUI">
    <ignored/>
  </testcase> <!-- getCssValue_SettingAccountTextfieldLabel__TextColor -->
  <testcase name="getCssValue_SettingDomainMgmtSaveButton_TextFontFamily" time="0.0" classname="SettingsUI">
    <ignored/>
  </testcase> <!-- getCssValue_SettingDomainMgmtSaveButton_TextFontFamily -->
  <testcase name="getCssValue_SettingAccountformLabelHeading_TextColor" time="0.0" classname="SettingsUI">
    <ignored/>
  </testcase> <!-- getCssValue_SettingAccountformLabelHeading_TextColor -->
  <testcase name="getCssValue_SettingFeedbackParagraphText_TextColor" time="0.0" classname="SettingsUI">
    <ignored/>
  </testcase> <!-- getCssValue_SettingFeedbackParagraphText_TextColor -->
  <testcase name="getCssValue_SettingFeedbackParagraphText" time="0.0" classname="SettingsUI">
    <ignored/>
  </testcase> <!-- getCssValue_SettingFeedbackParagraphText -->
  <testcase name="getCssValue_SettingEmailNotification_TextColor" time="0.0" classname="SettingsUI">
    <ignored/>
  </testcase> <!-- getCssValue_SettingEmailNotification_TextColor -->
  <testcase name="getCssValue_SettingAccountDMAText_FontWeight" time="0.0" classname="SettingsUI">
    <ignored/>
  </testcase> <!-- getCssValue_SettingAccountDMAText_FontWeight -->
  <testcase name="getCssValue_AnalyticLink_TextFontFamily" time="0.0" classname="SettingsUI">
    <ignored/>
  </testcase> <!-- getCssValue_AnalyticLink_TextFontFamily -->
  <testcase name="getCssValue_SettingDomainMgmtSaveButton_TextColor" time="0.0" classname="SettingsUI">
    <ignored/>
  </testcase> <!-- getCssValue_SettingDomainMgmtSaveButton_TextColor -->
  <testcase name="getCssValue_SetttingDomainLink_TextFontSize" time="0.0" classname="SettingsUI">
    <ignored/>
  </testcase> <!-- getCssValue_SetttingDomainLink_TextFontSize -->
  <testcase name="getCssValue_SettingAccountBulkUploadButton_TextColor" time="0.0" classname="SettingsUI">
    <ignored/>
  </testcase> <!-- getCssValue_SettingAccountBulkUploadButton_TextColor -->
  <testcase name="getCssValue_SettingAccountBulkUploadButton_FontWeight" time="0.0" classname="SettingsUI">
    <ignored/>
  </testcase> <!-- getCssValue_SettingAccountBulkUploadButton_FontWeight -->
  <testcase name="getCssvalue_SettingAccountBulkUploadButton_BackgroundColor" time="0.0" classname="SettingsUI">
    <ignored/>
  </testcase> <!-- getCssvalue_SettingAccountBulkUploadButton_BackgroundColor -->
  <testcase name="getCssvalue_SettingAccountDMAText_BackgroundColor" time="0.0" classname="SettingsUI">
    <ignored/>
  </testcase> <!-- getCssvalue_SettingAccountDMAText_BackgroundColor -->
  <testcase name="getCssValue_SettingAccountTextfieldLabel_FontWeight" time="0.0" classname="SettingsUI">
    <ignored/>
  </testcase> <!-- getCssValue_SettingAccountTextfieldLabel_FontWeight -->
  <testcase name="getCssValue_SettingPermissionCheckLabel_TextColor" time="0.0" classname="SettingsUI">
    <ignored/>
  </testcase> <!-- getCssValue_SettingPermissionCheckLabel_TextColor -->
  <testcase name="getCssValue_AnalyticLink_TextColor" time="0.0" classname="SettingsUI">
    <ignored/>
  </testcase> <!-- getCssValue_AnalyticLink_TextColor -->
  <testcase name="getCssvalue_SettingPermissionCheckLabel_BackgroundColor" time="0.0" classname="SettingsUI">
    <ignored/>
  </testcase> <!-- getCssvalue_SettingPermissionCheckLabel_BackgroundColor -->
  <testcase name="getCssValue_SettingAccountTextfieldLabel_TextFontSize" time="0.0" classname="SettingsUI">
    <ignored/>
  </testcase> <!-- getCssValue_SettingAccountTextfieldLabel_TextFontSize -->
</testsuite>
